ARM GAS  C:\Users\zoosman\AppData\Local\Temp\cczyMHgZ.s 			page 1


   1              		.cpu cortex-m4
   2              		.eabi_attribute 27, 1
   3              		.eabi_attribute 28, 1
   4              		.eabi_attribute 20, 1
   5              		.eabi_attribute 21, 1
   6              		.eabi_attribute 23, 3
   7              		.eabi_attribute 24, 1
   8              		.eabi_attribute 25, 1
   9              		.eabi_attribute 26, 1
  10              		.eabi_attribute 30, 2
  11              		.eabi_attribute 34, 1
  12              		.eabi_attribute 18, 4
  13              		.file	"system_stm32f4xx.c"
  14              		.text
  15              	.Ltext0:
  16              		.cfi_sections	.debug_frame
  17              		.section	.text.SystemInit,"ax",%progbits
  18              		.align	1
  19              		.p2align 2,,3
  20              		.global	SystemInit
  21              		.arch armv7e-m
  22              		.syntax unified
  23              		.thumb
  24              		.thumb_func
  25              		.fpu fpv4-sp-d16
  27              	SystemInit:
  28              	.LFB130:
  29              		.file 1 "Core/Src/system_stm32f4xx.c"
   1:Core/Src/system_stm32f4xx.c **** /**
   2:Core/Src/system_stm32f4xx.c ****   ******************************************************************************
   3:Core/Src/system_stm32f4xx.c ****   * @file    system_stm32f4xx.c
   4:Core/Src/system_stm32f4xx.c ****   * @author  MCD Application Team
   5:Core/Src/system_stm32f4xx.c ****   * @brief   CMSIS Cortex-M4 Device Peripheral Access Layer System Source File.
   6:Core/Src/system_stm32f4xx.c ****   *
   7:Core/Src/system_stm32f4xx.c ****   *   This file provides two functions and one global variable to be called from 
   8:Core/Src/system_stm32f4xx.c ****   *   user application:
   9:Core/Src/system_stm32f4xx.c ****   *      - SystemInit(): This function is called at startup just after reset and 
  10:Core/Src/system_stm32f4xx.c ****   *                      before branch to main program. This call is made inside
  11:Core/Src/system_stm32f4xx.c ****   *                      the "startup_stm32f4xx.s" file.
  12:Core/Src/system_stm32f4xx.c ****   *
  13:Core/Src/system_stm32f4xx.c ****   *      - SystemCoreClock variable: Contains the core clock (HCLK), it can be used
  14:Core/Src/system_stm32f4xx.c ****   *                                  by the user application to setup the SysTick 
  15:Core/Src/system_stm32f4xx.c ****   *                                  timer or configure other parameters.
  16:Core/Src/system_stm32f4xx.c ****   *                                     
  17:Core/Src/system_stm32f4xx.c ****   *      - SystemCoreClockUpdate(): Updates the variable SystemCoreClock and must
  18:Core/Src/system_stm32f4xx.c ****   *                                 be called whenever the core clock is changed
  19:Core/Src/system_stm32f4xx.c ****   *                                 during program execution.
  20:Core/Src/system_stm32f4xx.c ****   *
  21:Core/Src/system_stm32f4xx.c ****   *
  22:Core/Src/system_stm32f4xx.c ****   ******************************************************************************
  23:Core/Src/system_stm32f4xx.c ****   * @attention
  24:Core/Src/system_stm32f4xx.c ****   *
  25:Core/Src/system_stm32f4xx.c ****   * <h2><center>&copy; COPYRIGHT 2017 STMicroelectronics</center></h2>
  26:Core/Src/system_stm32f4xx.c ****   *
  27:Core/Src/system_stm32f4xx.c ****   * Redistribution and use in source and binary forms, with or without modification,
  28:Core/Src/system_stm32f4xx.c ****   * are permitted provided that the following conditions are met:
  29:Core/Src/system_stm32f4xx.c ****   *   1. Redistributions of source code must retain the above copyright notice,
ARM GAS  C:\Users\zoosman\AppData\Local\Temp\cczyMHgZ.s 			page 2


  30:Core/Src/system_stm32f4xx.c ****   *      this list of conditions and the following disclaimer.
  31:Core/Src/system_stm32f4xx.c ****   *   2. Redistributions in binary form must reproduce the above copyright notice,
  32:Core/Src/system_stm32f4xx.c ****   *      this list of conditions and the following disclaimer in the documentation
  33:Core/Src/system_stm32f4xx.c ****   *      and/or other materials provided with the distribution.
  34:Core/Src/system_stm32f4xx.c ****   *   3. Neither the name of STMicroelectronics nor the names of its contributors
  35:Core/Src/system_stm32f4xx.c ****   *      may be used to endorse or promote products derived from this software
  36:Core/Src/system_stm32f4xx.c ****   *      without specific prior written permission.
  37:Core/Src/system_stm32f4xx.c ****   *
  38:Core/Src/system_stm32f4xx.c ****   * THIS SOFTWARE IS PROVIDED BY THE COPYRIGHT HOLDERS AND CONTRIBUTORS "AS IS"
  39:Core/Src/system_stm32f4xx.c ****   * AND ANY EXPRESS OR IMPLIED WARRANTIES, INCLUDING, BUT NOT LIMITED TO, THE
  40:Core/Src/system_stm32f4xx.c ****   * IMPLIED WARRANTIES OF MERCHANTABILITY AND FITNESS FOR A PARTICULAR PURPOSE ARE
  41:Core/Src/system_stm32f4xx.c ****   * DISCLAIMED. IN NO EVENT SHALL THE COPYRIGHT HOLDER OR CONTRIBUTORS BE LIABLE
  42:Core/Src/system_stm32f4xx.c ****   * FOR ANY DIRECT, INDIRECT, INCIDENTAL, SPECIAL, EXEMPLARY, OR CONSEQUENTIAL
  43:Core/Src/system_stm32f4xx.c ****   * DAMAGES (INCLUDING, BUT NOT LIMITED TO, PROCUREMENT OF SUBSTITUTE GOODS OR
  44:Core/Src/system_stm32f4xx.c ****   * SERVICES; LOSS OF USE, DATA, OR PROFITS; OR BUSINESS INTERRUPTION) HOWEVER
  45:Core/Src/system_stm32f4xx.c ****   * CAUSED AND ON ANY THEORY OF LIABILITY, WHETHER IN CONTRACT, STRICT LIABILITY,
  46:Core/Src/system_stm32f4xx.c ****   * OR TORT (INCLUDING NEGLIGENCE OR OTHERWISE) ARISING IN ANY WAY OUT OF THE USE
  47:Core/Src/system_stm32f4xx.c ****   * OF THIS SOFTWARE, EVEN IF ADVISED OF THE POSSIBILITY OF SUCH DAMAGE.
  48:Core/Src/system_stm32f4xx.c ****   *
  49:Core/Src/system_stm32f4xx.c ****   ******************************************************************************
  50:Core/Src/system_stm32f4xx.c ****   */
  51:Core/Src/system_stm32f4xx.c **** 
  52:Core/Src/system_stm32f4xx.c **** /** @addtogroup CMSIS
  53:Core/Src/system_stm32f4xx.c ****   * @{
  54:Core/Src/system_stm32f4xx.c ****   */
  55:Core/Src/system_stm32f4xx.c **** 
  56:Core/Src/system_stm32f4xx.c **** /** @addtogroup stm32f4xx_system
  57:Core/Src/system_stm32f4xx.c ****   * @{
  58:Core/Src/system_stm32f4xx.c ****   */  
  59:Core/Src/system_stm32f4xx.c ****   
  60:Core/Src/system_stm32f4xx.c **** /** @addtogroup STM32F4xx_System_Private_Includes
  61:Core/Src/system_stm32f4xx.c ****   * @{
  62:Core/Src/system_stm32f4xx.c ****   */
  63:Core/Src/system_stm32f4xx.c **** 
  64:Core/Src/system_stm32f4xx.c **** 
  65:Core/Src/system_stm32f4xx.c **** #include "stm32f4xx.h"
  66:Core/Src/system_stm32f4xx.c **** 
  67:Core/Src/system_stm32f4xx.c **** #if !defined  (HSE_VALUE) 
  68:Core/Src/system_stm32f4xx.c ****   #define HSE_VALUE    ((uint32_t)25000000) /*!< Default value of the External oscillator in Hz */
  69:Core/Src/system_stm32f4xx.c **** #endif /* HSE_VALUE */
  70:Core/Src/system_stm32f4xx.c **** 
  71:Core/Src/system_stm32f4xx.c **** #if !defined  (HSI_VALUE)
  72:Core/Src/system_stm32f4xx.c ****   #define HSI_VALUE    ((uint32_t)16000000) /*!< Value of the Internal oscillator in Hz*/
  73:Core/Src/system_stm32f4xx.c **** #endif /* HSI_VALUE */
  74:Core/Src/system_stm32f4xx.c **** 
  75:Core/Src/system_stm32f4xx.c **** /**
  76:Core/Src/system_stm32f4xx.c ****   * @}
  77:Core/Src/system_stm32f4xx.c ****   */
  78:Core/Src/system_stm32f4xx.c **** 
  79:Core/Src/system_stm32f4xx.c **** /** @addtogroup STM32F4xx_System_Private_TypesDefinitions
  80:Core/Src/system_stm32f4xx.c ****   * @{
  81:Core/Src/system_stm32f4xx.c ****   */
  82:Core/Src/system_stm32f4xx.c **** 
  83:Core/Src/system_stm32f4xx.c **** /**
  84:Core/Src/system_stm32f4xx.c ****   * @}
  85:Core/Src/system_stm32f4xx.c ****   */
  86:Core/Src/system_stm32f4xx.c **** 
ARM GAS  C:\Users\zoosman\AppData\Local\Temp\cczyMHgZ.s 			page 3


  87:Core/Src/system_stm32f4xx.c **** /** @addtogroup STM32F4xx_System_Private_Defines
  88:Core/Src/system_stm32f4xx.c ****   * @{
  89:Core/Src/system_stm32f4xx.c ****   */
  90:Core/Src/system_stm32f4xx.c **** 
  91:Core/Src/system_stm32f4xx.c **** /************************* Miscellaneous Configuration ************************/
  92:Core/Src/system_stm32f4xx.c **** /*!< Uncomment the following line if you need to use external SRAM or SDRAM as data memory  */
  93:Core/Src/system_stm32f4xx.c **** #if defined(STM32F405xx) || defined(STM32F415xx) || defined(STM32F407xx) || defined(STM32F417xx)\
  94:Core/Src/system_stm32f4xx.c ****  || defined(STM32F427xx) || defined(STM32F437xx) || defined(STM32F429xx) || defined(STM32F439xx)\
  95:Core/Src/system_stm32f4xx.c ****  || defined(STM32F469xx) || defined(STM32F479xx) || defined(STM32F412Zx) || defined(STM32F412Vx)
  96:Core/Src/system_stm32f4xx.c **** /* #define DATA_IN_ExtSRAM */
  97:Core/Src/system_stm32f4xx.c **** #endif /* STM32F40xxx || STM32F41xxx || STM32F42xxx || STM32F43xxx || STM32F469xx || STM32F479xx ||
  98:Core/Src/system_stm32f4xx.c ****           STM32F412Zx || STM32F412Vx */
  99:Core/Src/system_stm32f4xx.c ****  
 100:Core/Src/system_stm32f4xx.c **** #if defined(STM32F427xx) || defined(STM32F437xx) || defined(STM32F429xx) || defined(STM32F439xx)\
 101:Core/Src/system_stm32f4xx.c ****  || defined(STM32F446xx) || defined(STM32F469xx) || defined(STM32F479xx)
 102:Core/Src/system_stm32f4xx.c **** /* #define DATA_IN_ExtSDRAM */
 103:Core/Src/system_stm32f4xx.c **** #endif /* STM32F427xx || STM32F437xx || STM32F429xx || STM32F439xx || STM32F446xx || STM32F469xx ||
 104:Core/Src/system_stm32f4xx.c ****           STM32F479xx */
 105:Core/Src/system_stm32f4xx.c **** 
 106:Core/Src/system_stm32f4xx.c **** /*!< Uncomment the following line if you need to relocate your vector Table in
 107:Core/Src/system_stm32f4xx.c ****      Internal SRAM. */
 108:Core/Src/system_stm32f4xx.c **** /* #define VECT_TAB_SRAM */
 109:Core/Src/system_stm32f4xx.c **** #define VECT_TAB_OFFSET  0x00 /*!< Vector Table base offset field. 
 110:Core/Src/system_stm32f4xx.c ****                                    This value must be a multiple of 0x200. */
 111:Core/Src/system_stm32f4xx.c **** /******************************************************************************/
 112:Core/Src/system_stm32f4xx.c **** 
 113:Core/Src/system_stm32f4xx.c **** /**
 114:Core/Src/system_stm32f4xx.c ****   * @}
 115:Core/Src/system_stm32f4xx.c ****   */
 116:Core/Src/system_stm32f4xx.c **** 
 117:Core/Src/system_stm32f4xx.c **** /** @addtogroup STM32F4xx_System_Private_Macros
 118:Core/Src/system_stm32f4xx.c ****   * @{
 119:Core/Src/system_stm32f4xx.c ****   */
 120:Core/Src/system_stm32f4xx.c **** 
 121:Core/Src/system_stm32f4xx.c **** /**
 122:Core/Src/system_stm32f4xx.c ****   * @}
 123:Core/Src/system_stm32f4xx.c ****   */
 124:Core/Src/system_stm32f4xx.c **** 
 125:Core/Src/system_stm32f4xx.c **** /** @addtogroup STM32F4xx_System_Private_Variables
 126:Core/Src/system_stm32f4xx.c ****   * @{
 127:Core/Src/system_stm32f4xx.c ****   */
 128:Core/Src/system_stm32f4xx.c ****   /* This variable is updated in three ways:
 129:Core/Src/system_stm32f4xx.c ****       1) by calling CMSIS function SystemCoreClockUpdate()
 130:Core/Src/system_stm32f4xx.c ****       2) by calling HAL API function HAL_RCC_GetHCLKFreq()
 131:Core/Src/system_stm32f4xx.c ****       3) each time HAL_RCC_ClockConfig() is called to configure the system clock frequency 
 132:Core/Src/system_stm32f4xx.c ****          Note: If you use this function to configure the system clock; then there
 133:Core/Src/system_stm32f4xx.c ****                is no need to call the 2 first functions listed above, since SystemCoreClock
 134:Core/Src/system_stm32f4xx.c ****                variable is updated automatically.
 135:Core/Src/system_stm32f4xx.c ****   */
 136:Core/Src/system_stm32f4xx.c **** uint32_t SystemCoreClock = 16000000;
 137:Core/Src/system_stm32f4xx.c **** const uint8_t AHBPrescTable[16] = {0, 0, 0, 0, 0, 0, 0, 0, 1, 2, 3, 4, 6, 7, 8, 9};
 138:Core/Src/system_stm32f4xx.c **** const uint8_t APBPrescTable[8]  = {0, 0, 0, 0, 1, 2, 3, 4};
 139:Core/Src/system_stm32f4xx.c **** /**
 140:Core/Src/system_stm32f4xx.c ****   * @}
 141:Core/Src/system_stm32f4xx.c ****   */
 142:Core/Src/system_stm32f4xx.c **** 
 143:Core/Src/system_stm32f4xx.c **** /** @addtogroup STM32F4xx_System_Private_FunctionPrototypes
ARM GAS  C:\Users\zoosman\AppData\Local\Temp\cczyMHgZ.s 			page 4


 144:Core/Src/system_stm32f4xx.c ****   * @{
 145:Core/Src/system_stm32f4xx.c ****   */
 146:Core/Src/system_stm32f4xx.c **** 
 147:Core/Src/system_stm32f4xx.c **** #if defined (DATA_IN_ExtSRAM) || defined (DATA_IN_ExtSDRAM)
 148:Core/Src/system_stm32f4xx.c ****   static void SystemInit_ExtMemCtl(void); 
 149:Core/Src/system_stm32f4xx.c **** #endif /* DATA_IN_ExtSRAM || DATA_IN_ExtSDRAM */
 150:Core/Src/system_stm32f4xx.c **** 
 151:Core/Src/system_stm32f4xx.c **** /**
 152:Core/Src/system_stm32f4xx.c ****   * @}
 153:Core/Src/system_stm32f4xx.c ****   */
 154:Core/Src/system_stm32f4xx.c **** 
 155:Core/Src/system_stm32f4xx.c **** /** @addtogroup STM32F4xx_System_Private_Functions
 156:Core/Src/system_stm32f4xx.c ****   * @{
 157:Core/Src/system_stm32f4xx.c ****   */
 158:Core/Src/system_stm32f4xx.c **** 
 159:Core/Src/system_stm32f4xx.c **** /**
 160:Core/Src/system_stm32f4xx.c ****   * @brief  Setup the microcontroller system
 161:Core/Src/system_stm32f4xx.c ****   *         Initialize the FPU setting, vector table location and External memory 
 162:Core/Src/system_stm32f4xx.c ****   *         configuration.
 163:Core/Src/system_stm32f4xx.c ****   * @param  None
 164:Core/Src/system_stm32f4xx.c ****   * @retval None
 165:Core/Src/system_stm32f4xx.c ****   */
 166:Core/Src/system_stm32f4xx.c **** void SystemInit(void)
 167:Core/Src/system_stm32f4xx.c **** {
  30              		.loc 1 167 1 view -0
  31              		.cfi_startproc
  32              		@ args = 0, pretend = 0, frame = 0
  33              		@ frame_needed = 0, uses_anonymous_args = 0
  34              		@ link register save eliminated.
 168:Core/Src/system_stm32f4xx.c ****   /* FPU settings ------------------------------------------------------------*/
 169:Core/Src/system_stm32f4xx.c ****   #if (__FPU_PRESENT == 1) && (__FPU_USED == 1)
 170:Core/Src/system_stm32f4xx.c ****     SCB->CPACR |= ((3UL << 10*2)|(3UL << 11*2));  /* set CP10 and CP11 Full Access */
  35              		.loc 1 170 5 view .LVU1
  36              		.loc 1 170 16 is_stmt 0 view .LVU2
  37 0000 054B     		ldr	r3, .L3
  38 0002 D3F88820 		ldr	r2, [r3, #136]
 171:Core/Src/system_stm32f4xx.c ****   #endif
 172:Core/Src/system_stm32f4xx.c **** 
 173:Core/Src/system_stm32f4xx.c **** #if defined (DATA_IN_ExtSRAM) || defined (DATA_IN_ExtSDRAM)
 174:Core/Src/system_stm32f4xx.c ****   SystemInit_ExtMemCtl(); 
 175:Core/Src/system_stm32f4xx.c **** #endif /* DATA_IN_ExtSRAM || DATA_IN_ExtSDRAM */
 176:Core/Src/system_stm32f4xx.c **** 
 177:Core/Src/system_stm32f4xx.c ****   /* Configure the Vector Table location add offset address ------------------*/
 178:Core/Src/system_stm32f4xx.c **** #ifdef VECT_TAB_SRAM
 179:Core/Src/system_stm32f4xx.c ****   SCB->VTOR = SRAM_BASE | VECT_TAB_OFFSET; /* Vector Table Relocation in Internal SRAM */
 180:Core/Src/system_stm32f4xx.c **** #else
 181:Core/Src/system_stm32f4xx.c ****   SCB->VTOR = FLASH_BASE | VECT_TAB_OFFSET; /* Vector Table Relocation in Internal FLASH */
  39              		.loc 1 181 13 view .LVU3
  40 0006 4FF00061 		mov	r1, #134217728
 170:Core/Src/system_stm32f4xx.c ****   #endif
  41              		.loc 1 170 16 view .LVU4
  42 000a 42F47002 		orr	r2, r2, #15728640
  43 000e C3F88820 		str	r2, [r3, #136]
  44              		.loc 1 181 3 is_stmt 1 view .LVU5
  45              		.loc 1 181 13 is_stmt 0 view .LVU6
  46 0012 9960     		str	r1, [r3, #8]
 182:Core/Src/system_stm32f4xx.c **** #endif
ARM GAS  C:\Users\zoosman\AppData\Local\Temp\cczyMHgZ.s 			page 5


 183:Core/Src/system_stm32f4xx.c **** }
  47              		.loc 1 183 1 view .LVU7
  48 0014 7047     		bx	lr
  49              	.L4:
  50 0016 00BF     		.align	2
  51              	.L3:
  52 0018 00ED00E0 		.word	-536810240
  53              		.cfi_endproc
  54              	.LFE130:
  56              		.section	.text.SystemCoreClockUpdate,"ax",%progbits
  57              		.align	1
  58              		.p2align 2,,3
  59              		.global	SystemCoreClockUpdate
  60              		.syntax unified
  61              		.thumb
  62              		.thumb_func
  63              		.fpu fpv4-sp-d16
  65              	SystemCoreClockUpdate:
  66              	.LFB131:
 184:Core/Src/system_stm32f4xx.c **** 
 185:Core/Src/system_stm32f4xx.c **** /**
 186:Core/Src/system_stm32f4xx.c ****    * @brief  Update SystemCoreClock variable according to Clock Register Values.
 187:Core/Src/system_stm32f4xx.c ****   *         The SystemCoreClock variable contains the core clock (HCLK), it can
 188:Core/Src/system_stm32f4xx.c ****   *         be used by the user application to setup the SysTick timer or configure
 189:Core/Src/system_stm32f4xx.c ****   *         other parameters.
 190:Core/Src/system_stm32f4xx.c ****   *           
 191:Core/Src/system_stm32f4xx.c ****   * @note   Each time the core clock (HCLK) changes, this function must be called
 192:Core/Src/system_stm32f4xx.c ****   *         to update SystemCoreClock variable value. Otherwise, any configuration
 193:Core/Src/system_stm32f4xx.c ****   *         based on this variable will be incorrect.         
 194:Core/Src/system_stm32f4xx.c ****   *     
 195:Core/Src/system_stm32f4xx.c ****   * @note   - The system frequency computed by this function is not the real 
 196:Core/Src/system_stm32f4xx.c ****   *           frequency in the chip. It is calculated based on the predefined 
 197:Core/Src/system_stm32f4xx.c ****   *           constant and the selected clock source:
 198:Core/Src/system_stm32f4xx.c ****   *             
 199:Core/Src/system_stm32f4xx.c ****   *           - If SYSCLK source is HSI, SystemCoreClock will contain the HSI_VALUE(*)
 200:Core/Src/system_stm32f4xx.c ****   *                                              
 201:Core/Src/system_stm32f4xx.c ****   *           - If SYSCLK source is HSE, SystemCoreClock will contain the HSE_VALUE(**)
 202:Core/Src/system_stm32f4xx.c ****   *                          
 203:Core/Src/system_stm32f4xx.c ****   *           - If SYSCLK source is PLL, SystemCoreClock will contain the HSE_VALUE(**) 
 204:Core/Src/system_stm32f4xx.c ****   *             or HSI_VALUE(*) multiplied/divided by the PLL factors.
 205:Core/Src/system_stm32f4xx.c ****   *         
 206:Core/Src/system_stm32f4xx.c ****   *         (*) HSI_VALUE is a constant defined in stm32f4xx_hal_conf.h file (default value
 207:Core/Src/system_stm32f4xx.c ****   *             16 MHz) but the real value may vary depending on the variations
 208:Core/Src/system_stm32f4xx.c ****   *             in voltage and temperature.   
 209:Core/Src/system_stm32f4xx.c ****   *    
 210:Core/Src/system_stm32f4xx.c ****   *         (**) HSE_VALUE is a constant defined in stm32f4xx_hal_conf.h file (its value
 211:Core/Src/system_stm32f4xx.c ****   *              depends on the application requirements), user has to ensure that HSE_VALUE
 212:Core/Src/system_stm32f4xx.c ****   *              is same as the real frequency of the crystal used. Otherwise, this function
 213:Core/Src/system_stm32f4xx.c ****   *              may have wrong result.
 214:Core/Src/system_stm32f4xx.c ****   *                
 215:Core/Src/system_stm32f4xx.c ****   *         - The result of this function could be not correct when using fractional
 216:Core/Src/system_stm32f4xx.c ****   *           value for HSE crystal.
 217:Core/Src/system_stm32f4xx.c ****   *     
 218:Core/Src/system_stm32f4xx.c ****   * @param  None
 219:Core/Src/system_stm32f4xx.c ****   * @retval None
 220:Core/Src/system_stm32f4xx.c ****   */
 221:Core/Src/system_stm32f4xx.c **** void SystemCoreClockUpdate(void)
ARM GAS  C:\Users\zoosman\AppData\Local\Temp\cczyMHgZ.s 			page 6


 222:Core/Src/system_stm32f4xx.c **** {
  67              		.loc 1 222 1 is_stmt 1 view -0
  68              		.cfi_startproc
  69              		@ args = 0, pretend = 0, frame = 0
  70              		@ frame_needed = 0, uses_anonymous_args = 0
  71              		@ link register save eliminated.
 223:Core/Src/system_stm32f4xx.c ****   uint32_t tmp = 0, pllvco = 0, pllp = 2, pllsource = 0, pllm = 2;
  72              		.loc 1 223 3 view .LVU9
  73              	.LVL0:
 224:Core/Src/system_stm32f4xx.c ****   
 225:Core/Src/system_stm32f4xx.c ****   /* Get SYSCLK source -------------------------------------------------------*/
 226:Core/Src/system_stm32f4xx.c ****   tmp = RCC->CFGR & RCC_CFGR_SWS;
  74              		.loc 1 226 3 view .LVU10
  75              		.loc 1 226 12 is_stmt 0 view .LVU11
  76 0000 164A     		ldr	r2, .L12
  77 0002 9368     		ldr	r3, [r2, #8]
  78              		.loc 1 226 7 view .LVU12
  79 0004 03F00C03 		and	r3, r3, #12
  80              	.LVL1:
 227:Core/Src/system_stm32f4xx.c **** 
 228:Core/Src/system_stm32f4xx.c ****   switch (tmp)
  81              		.loc 1 228 3 is_stmt 1 view .LVU13
  82 0008 042B     		cmp	r3, #4
  83 000a 0CD0     		beq	.L9
  84 000c 082B     		cmp	r3, #8
  85 000e 0CD0     		beq	.L11
  86 0010 134B     		ldr	r3, .L12+4
  87              	.LVL2:
  88              	.L6:
 229:Core/Src/system_stm32f4xx.c ****   {
 230:Core/Src/system_stm32f4xx.c ****     case 0x00:  /* HSI used as system clock source */
 231:Core/Src/system_stm32f4xx.c ****       SystemCoreClock = HSI_VALUE;
 232:Core/Src/system_stm32f4xx.c ****       break;
 233:Core/Src/system_stm32f4xx.c ****     case 0x04:  /* HSE used as system clock source */
 234:Core/Src/system_stm32f4xx.c ****       SystemCoreClock = HSE_VALUE;
 235:Core/Src/system_stm32f4xx.c ****       break;
 236:Core/Src/system_stm32f4xx.c ****     case 0x08:  /* PLL used as system clock source */
 237:Core/Src/system_stm32f4xx.c **** 
 238:Core/Src/system_stm32f4xx.c ****       /* PLL_VCO = (HSE_VALUE or HSI_VALUE / PLL_M) * PLL_N
 239:Core/Src/system_stm32f4xx.c ****          SYSCLK = PLL_VCO / PLL_P
 240:Core/Src/system_stm32f4xx.c ****          */    
 241:Core/Src/system_stm32f4xx.c ****       pllsource = (RCC->PLLCFGR & RCC_PLLCFGR_PLLSRC) >> 22;
 242:Core/Src/system_stm32f4xx.c ****       pllm = RCC->PLLCFGR & RCC_PLLCFGR_PLLM;
 243:Core/Src/system_stm32f4xx.c ****       
 244:Core/Src/system_stm32f4xx.c ****       if (pllsource != 0)
 245:Core/Src/system_stm32f4xx.c ****       {
 246:Core/Src/system_stm32f4xx.c ****         /* HSE used as PLL clock source */
 247:Core/Src/system_stm32f4xx.c ****         pllvco = (HSE_VALUE / pllm) * ((RCC->PLLCFGR & RCC_PLLCFGR_PLLN) >> 6);
 248:Core/Src/system_stm32f4xx.c ****       }
 249:Core/Src/system_stm32f4xx.c ****       else
 250:Core/Src/system_stm32f4xx.c ****       {
 251:Core/Src/system_stm32f4xx.c ****         /* HSI used as PLL clock source */
 252:Core/Src/system_stm32f4xx.c ****         pllvco = (HSI_VALUE / pllm) * ((RCC->PLLCFGR & RCC_PLLCFGR_PLLN) >> 6);
 253:Core/Src/system_stm32f4xx.c ****       }
 254:Core/Src/system_stm32f4xx.c **** 
 255:Core/Src/system_stm32f4xx.c ****       pllp = (((RCC->PLLCFGR & RCC_PLLCFGR_PLLP) >>16) + 1 ) *2;
 256:Core/Src/system_stm32f4xx.c ****       SystemCoreClock = pllvco/pllp;
ARM GAS  C:\Users\zoosman\AppData\Local\Temp\cczyMHgZ.s 			page 7


 257:Core/Src/system_stm32f4xx.c ****       break;
 258:Core/Src/system_stm32f4xx.c ****     default:
 259:Core/Src/system_stm32f4xx.c ****       SystemCoreClock = HSI_VALUE;
 260:Core/Src/system_stm32f4xx.c ****       break;
 261:Core/Src/system_stm32f4xx.c ****   }
 262:Core/Src/system_stm32f4xx.c ****   /* Compute HCLK frequency --------------------------------------------------*/
 263:Core/Src/system_stm32f4xx.c ****   /* Get HCLK prescaler */
 264:Core/Src/system_stm32f4xx.c ****   tmp = AHBPrescTable[((RCC->CFGR & RCC_CFGR_HPRE) >> 4)];
  89              		.loc 1 264 3 view .LVU14
  90              		.loc 1 264 28 is_stmt 0 view .LVU15
  91 0012 124A     		ldr	r2, .L12
  92              		.loc 1 264 22 view .LVU16
  93 0014 1348     		ldr	r0, .L12+8
  94              		.loc 1 264 28 view .LVU17
  95 0016 9268     		ldr	r2, [r2, #8]
  96              	.LVL3:
 265:Core/Src/system_stm32f4xx.c ****   /* HCLK frequency */
 266:Core/Src/system_stm32f4xx.c ****   SystemCoreClock >>= tmp;
  97              		.loc 1 266 3 is_stmt 1 view .LVU18
  98              		.loc 1 266 19 is_stmt 0 view .LVU19
  99 0018 1349     		ldr	r1, .L12+12
 264:Core/Src/system_stm32f4xx.c ****   /* HCLK frequency */
 100              		.loc 1 264 52 view .LVU20
 101 001a C2F30312 		ubfx	r2, r2, #4, #4
 102              	.LVL4:
 264:Core/Src/system_stm32f4xx.c ****   /* HCLK frequency */
 103              		.loc 1 264 7 view .LVU21
 104 001e 825C     		ldrb	r2, [r0, r2]	@ zero_extendqisi2
 105              		.loc 1 266 19 view .LVU22
 106 0020 D340     		lsrs	r3, r3, r2
 107 0022 0B60     		str	r3, [r1]
 267:Core/Src/system_stm32f4xx.c **** }
 108              		.loc 1 267 1 view .LVU23
 109 0024 7047     		bx	lr
 110              	.LVL5:
 111              	.L9:
 228:Core/Src/system_stm32f4xx.c ****   {
 112              		.loc 1 228 3 view .LVU24
 113 0026 114B     		ldr	r3, .L12+16
 114              	.LVL6:
 228:Core/Src/system_stm32f4xx.c ****   {
 115              		.loc 1 228 3 view .LVU25
 116 0028 F3E7     		b	.L6
 117              	.LVL7:
 118              	.L11:
 241:Core/Src/system_stm32f4xx.c ****       pllm = RCC->PLLCFGR & RCC_PLLCFGR_PLLM;
 119              		.loc 1 241 7 is_stmt 1 view .LVU26
 241:Core/Src/system_stm32f4xx.c ****       pllm = RCC->PLLCFGR & RCC_PLLCFGR_PLLM;
 120              		.loc 1 241 23 is_stmt 0 view .LVU27
 121 002a 5068     		ldr	r0, [r2, #4]
 122              	.LVL8:
 242:Core/Src/system_stm32f4xx.c ****       
 123              		.loc 1 242 7 is_stmt 1 view .LVU28
 242:Core/Src/system_stm32f4xx.c ****       
 124              		.loc 1 242 17 is_stmt 0 view .LVU29
 125 002c 5168     		ldr	r1, [r2, #4]
 247:Core/Src/system_stm32f4xx.c ****       }
ARM GAS  C:\Users\zoosman\AppData\Local\Temp\cczyMHgZ.s 			page 8


 126              		.loc 1 247 44 view .LVU30
 127 002e 5268     		ldr	r2, [r2, #4]
 244:Core/Src/system_stm32f4xx.c ****       {
 128              		.loc 1 244 10 view .LVU31
 129 0030 4302     		lsls	r3, r0, #9
 130              	.LVL9:
 252:Core/Src/system_stm32f4xx.c ****       }
 131              		.loc 1 252 74 view .LVU32
 132 0032 C2F38812 		ubfx	r2, r2, #6, #9
 247:Core/Src/system_stm32f4xx.c ****       }
 133              		.loc 1 247 29 view .LVU33
 134 0036 4CBF     		ite	mi
 135 0038 0C4B     		ldrmi	r3, .L12+16
 252:Core/Src/system_stm32f4xx.c ****       }
 136              		.loc 1 252 29 view .LVU34
 137 003a 094B     		ldrpl	r3, .L12+4
 242:Core/Src/system_stm32f4xx.c ****       
 138              		.loc 1 242 12 view .LVU35
 139 003c 01F03F01 		and	r1, r1, #63
 140              	.LVL10:
 244:Core/Src/system_stm32f4xx.c ****       {
 141              		.loc 1 244 7 is_stmt 1 view .LVU36
 247:Core/Src/system_stm32f4xx.c ****       }
 142              		.loc 1 247 9 view .LVU37
 252:Core/Src/system_stm32f4xx.c ****       }
 143              		.loc 1 252 9 view .LVU38
 252:Core/Src/system_stm32f4xx.c ****       }
 144              		.loc 1 252 29 is_stmt 0 view .LVU39
 145 0040 B3FBF1F3 		udiv	r3, r3, r1
 252:Core/Src/system_stm32f4xx.c ****       }
 146              		.loc 1 252 16 view .LVU40
 147 0044 03FB02F3 		mul	r3, r3, r2
 148              	.LVL11:
 255:Core/Src/system_stm32f4xx.c ****       SystemCoreClock = pllvco/pllp;
 149              		.loc 1 255 7 is_stmt 1 view .LVU41
 255:Core/Src/system_stm32f4xx.c ****       SystemCoreClock = pllvco/pllp;
 150              		.loc 1 255 20 is_stmt 0 view .LVU42
 151 0048 044A     		ldr	r2, .L12
 152 004a 5268     		ldr	r2, [r2, #4]
 153              	.LVL12:
 256:Core/Src/system_stm32f4xx.c ****       break;
 154              		.loc 1 256 7 is_stmt 1 view .LVU43
 255:Core/Src/system_stm32f4xx.c ****       SystemCoreClock = pllvco/pllp;
 155              		.loc 1 255 50 is_stmt 0 view .LVU44
 156 004c C2F30142 		ubfx	r2, r2, #16, #2
 157              	.LVL13:
 255:Core/Src/system_stm32f4xx.c ****       SystemCoreClock = pllvco/pllp;
 158              		.loc 1 255 56 view .LVU45
 159 0050 0132     		adds	r2, r2, #1
 255:Core/Src/system_stm32f4xx.c ****       SystemCoreClock = pllvco/pllp;
 160              		.loc 1 255 12 view .LVU46
 161 0052 5200     		lsls	r2, r2, #1
 256:Core/Src/system_stm32f4xx.c ****       break;
 162              		.loc 1 256 31 view .LVU47
 163 0054 B3FBF2F3 		udiv	r3, r3, r2
 164              	.LVL14:
 257:Core/Src/system_stm32f4xx.c ****     default:
ARM GAS  C:\Users\zoosman\AppData\Local\Temp\cczyMHgZ.s 			page 9


 165              		.loc 1 257 7 is_stmt 1 view .LVU48
 166 0058 DBE7     		b	.L6
 167              	.L13:
 168 005a 00BF     		.align	2
 169              	.L12:
 170 005c 00380240 		.word	1073887232
 171 0060 0024F400 		.word	16000000
 172 0064 00000000 		.word	.LANCHOR1
 173 0068 00000000 		.word	.LANCHOR0
 174 006c 00127A00 		.word	8000000
 175              		.cfi_endproc
 176              	.LFE131:
 178              		.global	APBPrescTable
 179              		.global	AHBPrescTable
 180              		.global	SystemCoreClock
 181              		.section	.data.SystemCoreClock,"aw"
 182              		.align	2
 183              		.set	.LANCHOR0,. + 0
 186              	SystemCoreClock:
 187 0000 0024F400 		.word	16000000
 188              		.section	.rodata.AHBPrescTable,"a"
 189              		.align	2
 190              		.set	.LANCHOR1,. + 0
 193              	AHBPrescTable:
 194 0000 00000000 		.ascii	"\000\000\000\000\000\000\000\000\001\002\003\004\006"
 194      00000000 
 194      01020304 
 194      06
 195 000d 070809   		.ascii	"\007\010\011"
 196              		.section	.rodata.APBPrescTable,"a"
 197              		.align	2
 200              	APBPrescTable:
 201 0000 00000000 		.ascii	"\000\000\000\000\001\002\003\004"
 201      01020304 
 202              		.text
 203              	.Letext0:
 204              		.file 2 "c:\\vsarm\\arm-gcc\\arm-none-eabi\\include\\machine\\_default_types.h"
 205              		.file 3 "c:\\vsarm\\arm-gcc\\arm-none-eabi\\include\\sys\\_stdint.h"
 206              		.file 4 "Drivers/CMSIS/Include/core_cm4.h"
 207              		.file 5 "Drivers/CMSIS/Device/ST/STM32F4xx/Include/system_stm32f4xx.h"
 208              		.file 6 "Drivers/CMSIS/Device/ST/STM32F4xx/Include/stm32f429xx.h"
 209              		.file 7 "Drivers/STM32F4xx_HAL_Driver/Inc/stm32f4xx_hal.h"
ARM GAS  C:\Users\zoosman\AppData\Local\Temp\cczyMHgZ.s 			page 10


DEFINED SYMBOLS
                            *ABS*:00000000 system_stm32f4xx.c
C:\Users\zoosman\AppData\Local\Temp\cczyMHgZ.s:18     .text.SystemInit:00000000 $t
C:\Users\zoosman\AppData\Local\Temp\cczyMHgZ.s:27     .text.SystemInit:00000000 SystemInit
C:\Users\zoosman\AppData\Local\Temp\cczyMHgZ.s:52     .text.SystemInit:00000018 $d
C:\Users\zoosman\AppData\Local\Temp\cczyMHgZ.s:57     .text.SystemCoreClockUpdate:00000000 $t
C:\Users\zoosman\AppData\Local\Temp\cczyMHgZ.s:65     .text.SystemCoreClockUpdate:00000000 SystemCoreClockUpdate
C:\Users\zoosman\AppData\Local\Temp\cczyMHgZ.s:170    .text.SystemCoreClockUpdate:0000005c $d
C:\Users\zoosman\AppData\Local\Temp\cczyMHgZ.s:200    .rodata.APBPrescTable:00000000 APBPrescTable
C:\Users\zoosman\AppData\Local\Temp\cczyMHgZ.s:193    .rodata.AHBPrescTable:00000000 AHBPrescTable
C:\Users\zoosman\AppData\Local\Temp\cczyMHgZ.s:186    .data.SystemCoreClock:00000000 SystemCoreClock
C:\Users\zoosman\AppData\Local\Temp\cczyMHgZ.s:182    .data.SystemCoreClock:00000000 $d
C:\Users\zoosman\AppData\Local\Temp\cczyMHgZ.s:189    .rodata.AHBPrescTable:00000000 $d
C:\Users\zoosman\AppData\Local\Temp\cczyMHgZ.s:197    .rodata.APBPrescTable:00000000 $d

NO UNDEFINED SYMBOLS
