ARM GAS  C:\Users\zoosman\AppData\Local\Temp\ccATuQsm.s 			page 1


   1              		.cpu cortex-m4
   2              		.eabi_attribute 27, 1
   3              		.eabi_attribute 28, 1
   4              		.eabi_attribute 20, 1
   5              		.eabi_attribute 21, 1
   6              		.eabi_attribute 23, 3
   7              		.eabi_attribute 24, 1
   8              		.eabi_attribute 25, 1
   9              		.eabi_attribute 26, 1
  10              		.eabi_attribute 30, 2
  11              		.eabi_attribute 34, 1
  12              		.eabi_attribute 18, 4
  13              		.file	"tim.c"
  14              		.text
  15              	.Ltext0:
  16              		.cfi_sections	.debug_frame
  17              		.section	.text.BasicTimer_FromIT_Handler,"ax",%progbits
  18              		.align	1
  19              		.p2align 2,,3
  20              		.global	BasicTimer_FromIT_Handler
  21              		.arch armv7e-m
  22              		.syntax unified
  23              		.thumb
  24              		.thumb_func
  25              		.fpu fpv4-sp-d16
  27              	BasicTimer_FromIT_Handler:
  28              	.LVL0:
  29              	.LFB1338:
  30              		.file 1 "Core/Src/tim.c"
   1:Core/Src/tim.c **** /**
   2:Core/Src/tim.c ****   ******************************************************************************
   3:Core/Src/tim.c ****   * File Name          : TIM.c
   4:Core/Src/tim.c ****   * Description        : 
   5:Core/Src/tim.c ****   ******************************************************************************
   6:Core/Src/tim.c ****   * @attention
   7:Core/Src/tim.c ****   *
   8:Core/Src/tim.c ****   *
   9:Core/Src/tim.c ****   ******************************************************************************
  10:Core/Src/tim.c ****   */
  11:Core/Src/tim.c **** 
  12:Core/Src/tim.c **** /* Includes ------------------------------------------------------------------*/
  13:Core/Src/tim.c **** #include "tim.h"
  14:Core/Src/tim.c **** 
  15:Core/Src/tim.c **** 
  16:Core/Src/tim.c **** 
  17:Core/Src/tim.c **** 
  18:Core/Src/tim.c **** 
  19:Core/Src/tim.c **** 
  20:Core/Src/tim.c **** 
  21:Core/Src/tim.c **** 
  22:Core/Src/tim.c **** 
  23:Core/Src/tim.c **** ////////////////////////////////////////////////////////////////////////////////
  24:Core/Src/tim.c **** 
  25:Core/Src/tim.c **** /*
  26:Core/Src/tim.c ****  * Basic Timer Handler called from interrupt via flags
  27:Core/Src/tim.c ****  */
  28:Core/Src/tim.c **** void BasicTimer_FromIT_Handler(TIM_TypeDef* tim) {
ARM GAS  C:\Users\zoosman\AppData\Local\Temp\ccATuQsm.s 			page 2


  31              		.loc 1 28 50 view -0
  32              		.cfi_startproc
  33              		@ args = 0, pretend = 0, frame = 0
  34              		@ frame_needed = 0, uses_anonymous_args = 0
  35              		@ link register save eliminated.
  29:Core/Src/tim.c ****   if (tim == TIM7) {
  36              		.loc 1 29 3 view .LVU1
  30:Core/Src/tim.c ****     //
  31:Core/Src/tim.c ****     // printf("tim7\n");
  32:Core/Src/tim.c ****   }
  37              		.loc 1 32 3 view .LVU2
  33:Core/Src/tim.c **** }
  38              		.loc 1 33 1 is_stmt 0 view .LVU3
  39 0000 7047     		bx	lr
  40              		.cfi_endproc
  41              	.LFE1338:
  43 0002 00BF     		.text
  44              	.Letext0:
  45              		.file 2 "c:\\vsarm\\arm-gcc\\arm-none-eabi\\include\\machine\\_default_types.h"
  46              		.file 3 "c:\\vsarm\\arm-gcc\\arm-none-eabi\\include\\sys\\lock.h"
  47              		.file 4 "c:\\vsarm\\arm-gcc\\arm-none-eabi\\include\\sys\\_types.h"
  48              		.file 5 "c:\\vsarm\\arm-gcc\\lib\\gcc\\arm-none-eabi\\9.2.1\\include\\stddef.h"
  49              		.file 6 "c:\\vsarm\\arm-gcc\\arm-none-eabi\\include\\sys\\reent.h"
  50              		.file 7 "c:\\vsarm\\arm-gcc\\arm-none-eabi\\include\\sys\\_stdint.h"
  51              		.file 8 "c:\\vsarm\\arm-gcc\\arm-none-eabi\\include\\stdlib.h"
  52              		.file 9 "Drivers/CMSIS/Include/core_cm4.h"
  53              		.file 10 "Drivers/CMSIS/Device/ST/STM32F4xx/Include/system_stm32f4xx.h"
  54              		.file 11 "Drivers/CMSIS/Device/ST/STM32F4xx/Include/stm32f429xx.h"
  55              		.file 12 "Drivers/STM32F4xx_HAL_Driver/Inc/stm32f4xx_hal.h"
  56              		.file 13 "Drivers/STM32F4xx_HAL_Driver/Inc/stm32f4xx_ll_rcc.h"
  57              		.file 14 "Drivers/STM32F4xx_HAL_Driver/Inc/stm32f4xx_ll_dma.h"
  58              		.file 15 "Drivers/STM32F4xx_HAL_Driver/Inc/stm32f4xx_ll_tim.h"
  59              		.file 16 "Core/Inc/common.h"
  60              		.file 17 "Core/Inc/main.h"
ARM GAS  C:\Users\zoosman\AppData\Local\Temp\ccATuQsm.s 			page 3


DEFINED SYMBOLS
                            *ABS*:00000000 tim.c
C:\Users\zoosman\AppData\Local\Temp\ccATuQsm.s:18     .text.BasicTimer_FromIT_Handler:00000000 $t
C:\Users\zoosman\AppData\Local\Temp\ccATuQsm.s:27     .text.BasicTimer_FromIT_Handler:00000000 BasicTimer_FromIT_Handler

NO UNDEFINED SYMBOLS
